<?xml version="1.0" encoding="UTF-8" ?>
<testsuite tests="13" failures="0" name="gov.dot.its.jpo.sdcsdw.xerjaxbcodec.XerJaxbCodecTest" time="0.25" errors="0" skipped="0">
  <properties>
    <property name="java.runtime.name" value="Java(TM) SE Runtime Environment"/>
    <property name="sun.boot.library.path" value="/Library/Java/JavaVirtualMachines/jdk1.8.0_131.jdk/Contents/Home/jre/lib"/>
    <property name="java.vm.version" value="25.131-b11"/>
    <property name="gopherProxySet" value="false"/>
    <property name="java.vm.vendor" value="Oracle Corporation"/>
    <property name="maven.multiModuleProjectDirectory" value="/Users/mna30547/eclipse-workspace/common-models"/>
    <property name="java.vendor.url" value="http://java.oracle.com/"/>
    <property name="ftp.proxyHost" value="proxy-east.aero.org"/>
    <property name="path.separator" value=":"/>
    <property name="guice.disable.misplaced.annotation.check" value="true"/>
    <property name="java.vm.name" value="Java HotSpot(TM) 64-Bit Server VM"/>
    <property name="file.encoding.pkg" value="sun.io"/>
    <property name="user.country" value="US"/>
    <property name="sun.java.launcher" value="SUN_STANDARD"/>
    <property name="sun.os.patch.level" value="unknown"/>
    <property name="java.vm.specification.name" value="Java Virtual Machine Specification"/>
    <property name="user.dir" value="/Users/mna30547/eclipse-workspace/common-models"/>
    <property name="java.runtime.version" value="1.8.0_131-b11"/>
    <property name="java.awt.graphicsenv" value="sun.awt.CGraphicsEnvironment"/>
    <property name="java.endorsed.dirs" value="/Library/Java/JavaVirtualMachines/jdk1.8.0_131.jdk/Contents/Home/jre/lib/endorsed"/>
    <property name="os.arch" value="x86_64"/>
    <property name="java.io.tmpdir" value="/var/folders/3x/wr56854n6tv5jnlm7hy8dzz4gql0ms/T/"/>
    <property name="line.separator" value="
"/>
    <property name="java.vm.specification.vendor" value="Oracle Corporation"/>
    <property name="https.proxyHost" value="proxy-east.aero.org"/>
    <property name="os.name" value="Mac OS X"/>
    <property name="classworlds.conf" value="/Users/mna30547/eclipse-workspace/.metadata/.plugins/org.eclipse.m2e.launching/launches/m2conf4174719109156854922.tmp"/>
    <property name="sun.jnu.encoding" value="UTF-8"/>
    <property name="java.library.path" value="/Users/mna30547/Library/Java/Extensions:/Library/Java/Extensions:/Network/Library/Java/Extensions:/System/Library/Java/Extensions:/usr/lib/java:."/>
    <property name="http.proxyPort" value="8080"/>
    <property name="java.specification.name" value="Java Platform API Specification"/>
    <property name="java.class.version" value="52.0"/>
    <property name="sun.management.compiler" value="HotSpot 64-Bit Tiered Compilers"/>
    <property name="os.version" value="10.12.6"/>
    <property name="http.nonProxyHosts" value="local|*.local|169.254/16|*.169.254/16|aero.org|*.aero.org|130.221/16|*.130.221/16|10/8|*.10/8|204.140.237/24|*.204.140.237/24|172.16/12|*.172.16/12|192.168/16|*.192.168/16|rc.patrick.af.mil|*.rc.patrick.af.mil|iris.leidos.com|*.iris.leidos.com|spaceptl.p.external.lmco.com|*.spaceptl.p.external.lmco.com|192.168.64.0/24|*.192.168.64.0/24"/>
    <property name="user.home" value="/Users/mna30547"/>
    <property name="user.timezone" value="America/New_York"/>
    <property name="java.awt.printerjob" value="sun.lwawt.macosx.CPrinterJob"/>
    <property name="java.specification.version" value="1.8"/>
    <property name="file.encoding" value="UTF-8"/>
    <property name="user.name" value="mna30547"/>
    <property name="java.class.path" value="/Applications/Eclipse.app/Contents/Eclipse/plugins/org.eclipse.m2e.maven.runtime_1.8.2.20171007-0216/jars/plexus-classworlds-2.5.2.jar"/>
    <property name="java.vm.specification.version" value="1.8"/>
    <property name="sun.arch.data.model" value="64"/>
    <property name="java.home" value="/Library/Java/JavaVirtualMachines/jdk1.8.0_131.jdk/Contents/Home/jre"/>
    <property name="sun.java.command" value="org.codehaus.plexus.classworlds.launcher.Launcher -B -s /Users/mna30547/.m2/settings.xml install"/>
    <property name="java.specification.vendor" value="Oracle Corporation"/>
    <property name="ftp.proxyPort" value="21"/>
    <property name="user.language" value="en"/>
    <property name="awt.toolkit" value="sun.lwawt.macosx.LWCToolkit"/>
    <property name="java.vm.info" value="mixed mode"/>
    <property name="java.version" value="1.8.0_131"/>
    <property name="java.ext.dirs" value="/Users/mna30547/Library/Java/Extensions:/Library/Java/JavaVirtualMachines/jdk1.8.0_131.jdk/Contents/Home/jre/lib/ext:/Library/Java/Extensions:/Network/Library/Java/Extensions:/System/Library/Java/Extensions:/usr/lib/java"/>
    <property name="http.proxyHost" value="proxy-east.aero.org"/>
    <property name="sun.boot.class.path" value="/Library/Java/JavaVirtualMachines/jdk1.8.0_131.jdk/Contents/Home/jre/lib/resources.jar:/Library/Java/JavaVirtualMachines/jdk1.8.0_131.jdk/Contents/Home/jre/lib/rt.jar:/Library/Java/JavaVirtualMachines/jdk1.8.0_131.jdk/Contents/Home/jre/lib/sunrsasign.jar:/Library/Java/JavaVirtualMachines/jdk1.8.0_131.jdk/Contents/Home/jre/lib/jsse.jar:/Library/Java/JavaVirtualMachines/jdk1.8.0_131.jdk/Contents/Home/jre/lib/jce.jar:/Library/Java/JavaVirtualMachines/jdk1.8.0_131.jdk/Contents/Home/jre/lib/charsets.jar:/Library/Java/JavaVirtualMachines/jdk1.8.0_131.jdk/Contents/Home/jre/lib/jfr.jar:/Library/Java/JavaVirtualMachines/jdk1.8.0_131.jdk/Contents/Home/jre/classes"/>
    <property name="java.vendor" value="Oracle Corporation"/>
    <property name="maven.home" value="/Users/mna30547/eclipse-workspace/common-models/EMBEDDED"/>
    <property name="file.separator" value="/"/>
    <property name="java.vendor.url.bug" value="http://bugreport.sun.com/bugreport/"/>
    <property name="sun.cpu.endian" value="little"/>
    <property name="sun.io.unicode.encoding" value="UnicodeBig"/>
    <property name="https.proxyPort" value="8080"/>
    <property name="socksNonProxyHosts" value="local|*.local|169.254/16|*.169.254/16|aero.org|*.aero.org|130.221/16|*.130.221/16|10/8|*.10/8|204.140.237/24|*.204.140.237/24|172.16/12|*.172.16/12|192.168/16|*.192.168/16|rc.patrick.af.mil|*.rc.patrick.af.mil|iris.leidos.com|*.iris.leidos.com|spaceptl.p.external.lmco.com|*.spaceptl.p.external.lmco.com|192.168.64.0/24|*.192.168.64.0/24"/>
    <property name="ftp.nonProxyHosts" value="local|*.local|169.254/16|*.169.254/16|aero.org|*.aero.org|130.221/16|*.130.221/16|10/8|*.10/8|204.140.237/24|*.204.140.237/24|172.16/12|*.172.16/12|192.168/16|*.192.168/16|rc.patrick.af.mil|*.rc.patrick.af.mil|iris.leidos.com|*.iris.leidos.com|spaceptl.p.external.lmco.com|*.spaceptl.p.external.lmco.com|192.168.64.0/24|*.192.168.64.0/24"/>
    <property name="sun.cpu.isalist" value=""/>
  </properties>
  <testcase classname="gov.dot.its.jpo.sdcsdw.xerjaxbcodec.XerJaxbCodecTest" name="testUnmarshallServiceRequest" time="0.231"/>
  <testcase classname="gov.dot.its.jpo.sdcsdw.xerjaxbcodec.XerJaxbCodecTest" name="testMarshallServiceRequest" time="0.001"/>
  <testcase classname="gov.dot.its.jpo.sdcsdw.xerjaxbcodec.XerJaxbCodecTest" name="testSelfClosingTags" time="0.001"/>
  <testcase classname="gov.dot.its.jpo.sdcsdw.xerjaxbcodec.XerJaxbCodecTest" name="testUnmarshallServiceResponse" time="0"/>
  <testcase classname="gov.dot.its.jpo.sdcsdw.xerjaxbcodec.XerJaxbCodecTest" name="testMarshallServiceResponse" time="0"/>
  <testcase classname="gov.dot.its.jpo.sdcsdw.xerjaxbcodec.XerJaxbCodecTest" name="testUnmarshallDataRequest" time="0"/>
  <testcase classname="gov.dot.its.jpo.sdcsdw.xerjaxbcodec.XerJaxbCodecTest" name="testMarshalDataRequest" time="0"/>
  <testcase classname="gov.dot.its.jpo.sdcsdw.xerjaxbcodec.XerJaxbCodecTest" name="testUnmarshallAdvisorySituationDataDistributionRequest" time="0.017"/>
  <testcase classname="gov.dot.its.jpo.sdcsdw.xerjaxbcodec.XerJaxbCodecTest" name="testMarshallAdvisorySituationDataDistributionRequest" time="0"/>
  <testcase classname="gov.dot.its.jpo.sdcsdw.xerjaxbcodec.XerJaxbCodecTest" name="testUnmarshallDataAcceptance" time="0"/>
  <testcase classname="gov.dot.its.jpo.sdcsdw.xerjaxbcodec.XerJaxbCodecTest" name="testMarshallDataAcceptance" time="0"/>
  <testcase classname="gov.dot.its.jpo.sdcsdw.xerjaxbcodec.XerJaxbCodecTest" name="testUnmarshallDataReceipt" time="0"/>
  <testcase classname="gov.dot.its.jpo.sdcsdw.xerjaxbcodec.XerJaxbCodecTest" name="testMarshallDataReceipt" time="0"/>
</testsuite>